 
****************************************
Report : timing
        -path full
        -delay max
        -max_paths 5
Design : fir
Version: R-2020.09-SP5
Date   : Tue Mar 25 15:09:48 2025
****************************************

Operating Conditions: slow   Library: slow
Wire Load Model Mode: top

  Startpoint: h_reg[0] (rising edge-triggered flip-flop clocked by axis_clk)
  Endpoint: m_reg[31] (rising edge-triggered flip-flop clocked by axis_clk)
  Path Group: axis_clk
  Path Type: max

  Point                                    Incr       Path
  -----------------------------------------------------------
  clock axis_clk (rise edge)               0.00       0.00
  clock network delay (ideal)              0.50       0.50
  h_reg[0]/CK (DFFRQXL)                    0.00       0.50 r
  h_reg[0]/Q (DFFRQXL)                     0.26       0.76 f
  U1857/Y (INVXL)                          0.06       0.82 r
  U1865/Y (NOR2BX1)                        0.50       1.31 r
  U1877/Y (AOI222XL)                       0.21       1.53 f
  U789/Y (OAI21X1)                         0.07       1.60 r
  U1878/Y (XOR2XL)                         0.10       1.70 f
  U1324/Y (OR2XL)                          0.16       1.86 f
  U1086/Y (AOI21XL)                        0.12       1.97 r
  U1087/Y (OAI21XL)                        0.09       2.07 f
  U1325/Y (AOI21XL)                        0.11       2.18 r
  U1326/Y (OAI21XL)                        0.09       2.26 f
  U1089/Y (AOI21XL)                        0.12       2.38 r
  U1091/Y (OAI21XL)                        0.10       2.48 f
  U1327/Y (AOI21XL)                        0.11       2.59 r
  U1093/Y (OAI21XL)                        0.10       2.69 f
  U1965/Y (AOI21X1)                        0.10       2.79 r
  U1968/Y (OAI21X1)                        0.08       2.87 f
  U1095/Y (AOI21XL)                        0.12       2.99 r
  U1096/Y (OAI21XL)                        0.10       3.09 f
  U1975/Y (AOI21X1)                        0.10       3.19 r
  U1978/Y (OAI21X1)                        0.08       3.26 f
  U1097/Y (AOI21XL)                        0.12       3.38 r
  U1098/Y (OAI21XL)                        0.10       3.48 f
  U1100/Y (AOI21XL)                        0.12       3.60 r
  U1103/Y (OAI21XL)                        0.10       3.70 f
  U1105/Y (AOI21XL)                        0.12       3.82 r
  U1109/Y (OAI21XL)                        0.10       3.91 f
  U1112/Y (AOI21XL)                        0.12       4.03 r
  U1119/Y (OAI21XL)                        0.10       4.13 f
  U1982/Y (AO21X2)                         0.14       4.27 f
  U2401/CO (ADDFXL)                        0.17       4.45 f
  U2402/CO (ADDFXL)                        0.18       4.63 f
  U2403/CO (ADDFXL)                        0.18       4.81 f
  U2404/CO (ADDFXL)                        0.18       4.99 f
  U2405/CO (ADDFXL)                        0.17       5.16 f
  U1533/Y (XOR2XL)                         0.07       5.23 r
  m_reg[31]/D (DFFRQXL)                    0.00       5.23 r
  data arrival time                                   5.23

  clock axis_clk (rise edge)               5.00       5.00
  clock network delay (ideal)              0.50       5.50
  clock uncertainty                       -0.10       5.40
  m_reg[31]/CK (DFFRQXL)                   0.00       5.40 r
  library setup time                      -0.17       5.23
  data required time                                  5.23
  -----------------------------------------------------------
  data required time                                  5.23
  data arrival time                                  -5.23
  -----------------------------------------------------------
  slack (MET)                                         0.00


  Startpoint: h_reg[0] (rising edge-triggered flip-flop clocked by axis_clk)
  Endpoint: m_reg[30] (rising edge-triggered flip-flop clocked by axis_clk)
  Path Group: axis_clk
  Path Type: max

  Point                                    Incr       Path
  -----------------------------------------------------------
  clock axis_clk (rise edge)               0.00       0.00
  clock network delay (ideal)              0.50       0.50
  h_reg[0]/CK (DFFRQXL)                    0.00       0.50 r
  h_reg[0]/Q (DFFRQXL)                     0.26       0.76 f
  U1857/Y (INVXL)                          0.06       0.82 r
  U1865/Y (NOR2BX1)                        0.50       1.31 r
  U1871/Y (AOI22XL)                        0.20       1.51 f
  U1872/Y (OAI21XL)                        0.08       1.59 r
  U1873/Y (XOR2XL)                         0.12       1.71 r
  U1839/Y (NAND2XL)                        0.11       1.81 f
  U1876/Y (NOR2XL)                         0.10       1.91 r
  U1086/Y (AOI21XL)                        0.10       2.01 f
  U1087/Y (OAI21XL)                        0.11       2.12 r
  U1325/Y (AOI21XL)                        0.10       2.22 f
  U1326/Y (OAI21XL)                        0.11       2.33 r
  U1089/Y (AOI21XL)                        0.11       2.44 f
  U1091/Y (OAI21XL)                        0.12       2.55 r
  U1327/Y (AOI21XL)                        0.10       2.66 f
  U1093/Y (OAI21XL)                        0.12       2.78 r
  U1965/Y (AOI21X1)                        0.10       2.88 f
  U1968/Y (OAI21X1)                        0.09       2.97 r
  U1095/Y (AOI21XL)                        0.10       3.07 f
  U1096/Y (OAI21XL)                        0.12       3.19 r
  U1975/Y (AOI21X1)                        0.10       3.29 f
  U1978/Y (OAI21X1)                        0.09       3.38 r
  U1097/Y (AOI21XL)                        0.10       3.48 f
  U1098/Y (OAI21XL)                        0.12       3.60 r
  U1100/Y (AOI21XL)                        0.11       3.71 f
  U1103/Y (OAI21XL)                        0.12       3.82 r
  U1105/Y (AOI21XL)                        0.11       3.93 f
  U1109/Y (OAI21XL)                        0.12       4.05 r
  U1112/Y (AOI21XL)                        0.11       4.16 f
  U1119/Y (OAI21XL)                        0.12       4.28 r
  U1982/Y (AO21X2)                         0.11       4.39 r
  U2401/CO (ADDFXL)                        0.14       4.53 r
  U2402/CO (ADDFXL)                        0.15       4.68 r
  U2403/CO (ADDFXL)                        0.15       4.84 r
  U2404/CO (ADDFXL)                        0.15       4.99 r
  U2405/S (ADDFXL)                         0.15       5.14 r
  m_reg[30]/D (DFFRQXL)                    0.00       5.14 r
  data arrival time                                   5.14

  clock axis_clk (rise edge)               5.00       5.00
  clock network delay (ideal)              0.50       5.50
  clock uncertainty                       -0.10       5.40
  m_reg[30]/CK (DFFRQXL)                   0.00       5.40 r
  library setup time                      -0.15       5.25
  data required time                                  5.25
  -----------------------------------------------------------
  data required time                                  5.25
  data arrival time                                  -5.14
  -----------------------------------------------------------
  slack (MET)                                         0.11


  Startpoint: h_reg[0] (rising edge-triggered flip-flop clocked by axis_clk)
  Endpoint: m_reg[29] (rising edge-triggered flip-flop clocked by axis_clk)
  Path Group: axis_clk
  Path Type: max

  Point                                    Incr       Path
  -----------------------------------------------------------
  clock axis_clk (rise edge)               0.00       0.00
  clock network delay (ideal)              0.50       0.50
  h_reg[0]/CK (DFFRQXL)                    0.00       0.50 r
  h_reg[0]/Q (DFFRQXL)                     0.26       0.76 f
  U1857/Y (INVXL)                          0.06       0.82 r
  U1865/Y (NOR2BX1)                        0.50       1.31 r
  U1871/Y (AOI22XL)                        0.20       1.51 f
  U1872/Y (OAI21XL)                        0.08       1.59 r
  U1873/Y (XOR2XL)                         0.12       1.71 r
  U1839/Y (NAND2XL)                        0.11       1.81 f
  U1876/Y (NOR2XL)                         0.10       1.91 r
  U1086/Y (AOI21XL)                        0.10       2.01 f
  U1087/Y (OAI21XL)                        0.11       2.12 r
  U1325/Y (AOI21XL)                        0.10       2.22 f
  U1326/Y (OAI21XL)                        0.11       2.33 r
  U1089/Y (AOI21XL)                        0.11       2.44 f
  U1091/Y (OAI21XL)                        0.12       2.55 r
  U1327/Y (AOI21XL)                        0.10       2.66 f
  U1093/Y (OAI21XL)                        0.12       2.78 r
  U1965/Y (AOI21X1)                        0.10       2.88 f
  U1968/Y (OAI21X1)                        0.09       2.97 r
  U1095/Y (AOI21XL)                        0.10       3.07 f
  U1096/Y (OAI21XL)                        0.12       3.19 r
  U1975/Y (AOI21X1)                        0.10       3.29 f
  U1978/Y (OAI21X1)                        0.09       3.38 r
  U1097/Y (AOI21XL)                        0.10       3.48 f
  U1098/Y (OAI21XL)                        0.12       3.60 r
  U1100/Y (AOI21XL)                        0.11       3.71 f
  U1103/Y (OAI21XL)                        0.12       3.82 r
  U1105/Y (AOI21XL)                        0.11       3.93 f
  U1109/Y (OAI21XL)                        0.12       4.05 r
  U1112/Y (AOI21XL)                        0.11       4.16 f
  U1119/Y (OAI21XL)                        0.12       4.28 r
  U1982/Y (AO21X2)                         0.11       4.39 r
  U2401/CO (ADDFXL)                        0.14       4.53 r
  U2402/CO (ADDFXL)                        0.15       4.68 r
  U2403/CO (ADDFXL)                        0.15       4.84 r
  U2404/S (ADDFXL)                         0.15       4.99 r
  m_reg[29]/D (DFFRQXL)                    0.00       4.99 r
  data arrival time                                   4.99

  clock axis_clk (rise edge)               5.00       5.00
  clock network delay (ideal)              0.50       5.50
  clock uncertainty                       -0.10       5.40
  m_reg[29]/CK (DFFRQXL)                   0.00       5.40 r
  library setup time                      -0.15       5.25
  data required time                                  5.25
  -----------------------------------------------------------
  data required time                                  5.25
  data arrival time                                  -4.99
  -----------------------------------------------------------
  slack (MET)                                         0.26


  Startpoint: y_reg[1] (rising edge-triggered flip-flop clocked by axis_clk)
  Endpoint: y_reg[31] (rising edge-triggered flip-flop clocked by axis_clk)
  Path Group: axis_clk
  Path Type: max

  Point                                    Incr       Path
  -----------------------------------------------------------
  clock axis_clk (rise edge)               0.00       0.00
  clock network delay (ideal)              0.50       0.50
  y_reg[1]/CK (DFFRQXL)                    0.00       0.50 r
  y_reg[1]/Q (DFFRQXL)                     0.34       0.84 f
  U1791/Y (OR2XL)                          0.17       1.01 f
  U1052/Y (AOI21XL)                        0.11       1.13 r
  U1053/Y (OAI21XL)                        0.10       1.22 f
  U1301/Y (AOI21XL)                        0.12       1.34 r
  U1302/Y (OAI21XL)                        0.10       1.44 f
  U1054/Y (AOI21XL)                        0.12       1.56 r
  U1055/Y (OAI21XL)                        0.10       1.66 f
  U1303/Y (AOI21XL)                        0.12       1.78 r
  U1304/Y (OAI21XL)                        0.10       1.88 f
  U1056/Y (AOI21XL)                        0.12       2.00 r
  U951/Y (OAI21XL)                         0.10       2.10 f
  U1308/Y (AOI21XL)                        0.12       2.22 r
  U1060/Y (OAI21XL)                        0.10       2.31 f
  U733/Y (AOI21XL)                         0.12       2.43 r
  U1059/Y (OAI21XL)                        0.10       2.53 f
  U730/Y (AOI21XL)                         0.12       2.65 r
  U1058/Y (OAI21XL)                        0.10       2.75 f
  U1065/Y (AOI21XL)                        0.12       2.87 r
  U1057/Y (OAI21XL)                        0.10       2.97 f
  U1063/Y (AOI21X1)                        0.10       3.07 r
  U729/Y (OAI21X1)                         0.08       3.15 f
  U1061/Y (AOI21X1)                        0.09       3.25 r
  U727/Y (OAI21X1)                         0.07       3.32 f
  U1306/Y (AO21XL)                         0.20       3.52 f
  U724/CO (ADDFX1)                         0.18       3.70 f
  U700/CO (ADDFX1)                         0.18       3.88 f
  U720/CO (ADDFX1)                         0.18       4.05 f
  U718/CO (ADDFX1)                         0.18       4.23 f
  U717/CO (ADDFX1)                         0.18       4.41 f
  U715/CO (ADDFX1)                         0.18       4.59 f
  U713/CO (ADDFX1)                         0.17       4.76 f
  U1409/Y (XOR2XL)                         0.08       4.84 r
  U2901/Y (AO22X2)                         0.10       4.94 r
  y_reg[31]/D (DFFRQXL)                    0.00       4.94 r
  data arrival time                                   4.94

  clock axis_clk (rise edge)               5.00       5.00
  clock network delay (ideal)              0.50       5.50
  clock uncertainty                       -0.10       5.40
  y_reg[31]/CK (DFFRQXL)                   0.00       5.40 r
  library setup time                      -0.14       5.26
  data required time                                  5.26
  -----------------------------------------------------------
  data required time                                  5.26
  data arrival time                                  -4.94
  -----------------------------------------------------------
  slack (MET)                                         0.32


  Startpoint: h_reg[0] (rising edge-triggered flip-flop clocked by axis_clk)
  Endpoint: m_reg[28] (rising edge-triggered flip-flop clocked by axis_clk)
  Path Group: axis_clk
  Path Type: max

  Point                                    Incr       Path
  -----------------------------------------------------------
  clock axis_clk (rise edge)               0.00       0.00
  clock network delay (ideal)              0.50       0.50
  h_reg[0]/CK (DFFRQXL)                    0.00       0.50 r
  h_reg[0]/Q (DFFRQXL)                     0.26       0.76 f
  U1857/Y (INVXL)                          0.06       0.82 r
  U1865/Y (NOR2BX1)                        0.50       1.31 r
  U1871/Y (AOI22XL)                        0.20       1.51 f
  U1872/Y (OAI21XL)                        0.08       1.59 r
  U1873/Y (XOR2XL)                         0.12       1.71 r
  U1839/Y (NAND2XL)                        0.11       1.81 f
  U1876/Y (NOR2XL)                         0.10       1.91 r
  U1086/Y (AOI21XL)                        0.10       2.01 f
  U1087/Y (OAI21XL)                        0.11       2.12 r
  U1325/Y (AOI21XL)                        0.10       2.22 f
  U1326/Y (OAI21XL)                        0.11       2.33 r
  U1089/Y (AOI21XL)                        0.11       2.44 f
  U1091/Y (OAI21XL)                        0.12       2.55 r
  U1327/Y (AOI21XL)                        0.10       2.66 f
  U1093/Y (OAI21XL)                        0.12       2.78 r
  U1965/Y (AOI21X1)                        0.10       2.88 f
  U1968/Y (OAI21X1)                        0.09       2.97 r
  U1095/Y (AOI21XL)                        0.10       3.07 f
  U1096/Y (OAI21XL)                        0.12       3.19 r
  U1975/Y (AOI21X1)                        0.10       3.29 f
  U1978/Y (OAI21X1)                        0.09       3.38 r
  U1097/Y (AOI21XL)                        0.10       3.48 f
  U1098/Y (OAI21XL)                        0.12       3.60 r
  U1100/Y (AOI21XL)                        0.11       3.71 f
  U1103/Y (OAI21XL)                        0.12       3.82 r
  U1105/Y (AOI21XL)                        0.11       3.93 f
  U1109/Y (OAI21XL)                        0.12       4.05 r
  U1112/Y (AOI21XL)                        0.11       4.16 f
  U1119/Y (OAI21XL)                        0.12       4.28 r
  U1982/Y (AO21X2)                         0.11       4.39 r
  U2401/CO (ADDFXL)                        0.14       4.53 r
  U2402/CO (ADDFXL)                        0.15       4.68 r
  U2403/S (ADDFXL)                         0.15       4.84 r
  m_reg[28]/D (DFFRQXL)                    0.00       4.84 r
  data arrival time                                   4.84

  clock axis_clk (rise edge)               5.00       5.00
  clock network delay (ideal)              0.50       5.50
  clock uncertainty                       -0.10       5.40
  m_reg[28]/CK (DFFRQXL)                   0.00       5.40 r
  library setup time                      -0.15       5.25
  data required time                                  5.25
  -----------------------------------------------------------
  data required time                                  5.25
  data arrival time                                  -4.84
  -----------------------------------------------------------
  slack (MET)                                         0.42


1
